[handleMsg]:  {
  key: {
    remoteJid: '51966524537@s.whatsapp.net',
    fromMe: false,
    id: '3EB01B2CCF34AD76A5272A',
    participant: undefined
  },
  messageTimestamp: 1703466024,
  pushName: 'Gilmour Plant',
  broadcast: false,
  message: Message {
    extendedTextMessage: ExtendedTextMessage {
      text: '#empezar',
      contextInfo: [ContextInfo],
      inviteLinkGroupTypeV2: 0
    },
    messageContextInfo: MessageContextInfo {
      deviceListMetadata: [DeviceListMetadata],
      deviceListMetadataVersion: 2
    }
  },
  body: '#empezar',
  from: '51966524537'
}
[QUEUE_SE_ENVIO]:  {
  ref: 'ans_68980f80-d050-437c-8f5b-a0ab2a1f6fab',
  keyword: 'key_fee2f3f0-e602-4b1b-bd7c-dee95ff88e78',
  answer: '__call_action__',
  options: {
    media: null,
    buttons: [],
    capture: false,
    child: null,
    delay: 0,
    idle: null,
    ref: null,
    nested: [],
    keyword: {},
    callback: true
  },
  refSerialize: '64213535a152c269fca16b88447d523a'
}
[handleMsg]:  {
  key: {
    remoteJid: '51966524537@s.whatsapp.net',
    fromMe: false,
    id: '3EB022E8138AE3CA474DCC',
    participant: undefined
  },
  messageTimestamp: 1703466256,
  pushName: 'Gilmour Plant',
  broadcast: false,
  message: Message {
    extendedTextMessage: ExtendedTextMessage {
      text: '8',
      contextInfo: [ContextInfo],
      inviteLinkGroupTypeV2: 0
    },
    messageContextInfo: MessageContextInfo {
      deviceListMetadata: [DeviceListMetadata],
      deviceListMetadataVersion: 2
    }
  },
  body: '8',
  from: '51966524537'
}
